  6052 systemd          6652
  6053 (sd-pam)         2644
  6092 gnome-keyring-d  8156
  6228 gdm-x-session    6132
  6234 Xorg            149100
  6337 dbus-daemon      8048
  6347 gnome-session-b 14408
  6464 ssh-agent         316
  6484 at-spi-bus-laun  6300
  6489 dbus-daemon      4196
  6494 at-spi2-registr  6872
  6543 gnome-shell     233428
  6625 gvfsd            7396
  6632 gvfsd-fuse       5340
  6685 pulseaudio      11100
  7152 ibus-daemon      8408
  7177 ibus-dconf       6968
  7188 ibus-x11        21160
  7196 ibus-portal      6292
  7311 gnome-shell-cal 20844
  7334 evolution-sourc 26096
  7430 goa-daemon      30692
  7441 dconf-service    5312
  7499 gvfs-udisks2-vo  8796
  7570 gvfs-mtp-volume  6292
  7612 gvfs-goa-volume  6024
  7616 goa-identity-se  7732
  7645 gvfs-afc-volume  7544
  7669 gvfs-gphoto2-vo  6712
  7760 gsd-power       24164
  7761 gsd-print-notif 10188
  7778 gsd-rfkill       5904
  7788 gsd-screensaver  5760
  7799 gsd-sharing      9496
  7822 gsd-smartcard    7756
  7840 gsd-xsettings   22672
  7858 gsd-sound        8168
  7865 gsd-wacom       23552
  7889 gsd-a11y-settin  5788
  7905 gsd-clipboard   20632
  7913 gsd-color       24120
  7924 gsd-datetime    13920
  7931 gsd-housekeepin  7068
  7943 gsd-keyboard    21176
  7951 gsd-media-keys  23980
  7966 gsd-mouse        6252
  8163 gsd-printer     12440
  8677 nautilus-deskto 138660
  8679 vmtoolsd        34428
  8707 gsd-disk-utilit  5756
  8921 gvfsd-trash      7560
  9174 evolution-calen 67384
  9429 evolution-calen 62508
  9458 ibus-engine-sim  6900
  9474 evolution-addre 24156
  9484 evolution-addre 27164
  9515 gnome-software  197608
  9518 gnome-terminal- 44300
  9661 bash             5576
  9768 update-notifier 27856
  9817 deja-dup-monito 31524
 10161 gvfsd-metadata   6128
 10217 bash             5584
 27564 update-manager  158108
 31776 test.sh           788
 31782 timeout           948
 31783 ps                748
